DEPRECATION WARNING: Using a dynamic :action segment in a route is deprecated and will be removed in Rails 5.2. (called from block in <top (required)> at /Users/rockwellrice/Portfolio/Ruby/live_assets/config/routes.rb:2)
Started GET "/" for 127.0.0.1 at 2017-12-28 19:25:37 -0600
Processing by Rails::WelcomeController#index as HTML
  Rendering /Users/rockwellrice/.rbenv/versions/2.2.2/lib/ruby/gems/2.2.0/gems/railties-5.1.4/lib/rails/templates/rails/welcome/index.html.erb
  Rendered /Users/rockwellrice/.rbenv/versions/2.2.2/lib/ruby/gems/2.2.0/gems/railties-5.1.4/lib/rails/templates/rails/welcome/index.html.erb (5.8ms)
Completed 200 OK in 330ms (Views: 15.1ms)


Started GET "/live_assets" for 127.0.0.1 at 2017-12-28 19:25:54 -0600
  
ActionController::RoutingError (No route matches [GET] "/live_assets"):
  
actionpack (5.1.4) lib/action_dispatch/middleware/debug_exceptions.rb:63:in `call'
actionpack (5.1.4) lib/action_dispatch/middleware/show_exceptions.rb:31:in `call'
railties (5.1.4) lib/rails/rack/logger.rb:36:in `call_app'
railties (5.1.4) lib/rails/rack/logger.rb:24:in `block in call'
activesupport (5.1.4) lib/active_support/tagged_logging.rb:69:in `block in tagged'
activesupport (5.1.4) lib/active_support/tagged_logging.rb:26:in `tagged'
activesupport (5.1.4) lib/active_support/tagged_logging.rb:69:in `tagged'
railties (5.1.4) lib/rails/rack/logger.rb:24:in `call'
sprockets-rails (3.2.1) lib/sprockets/rails/quiet_assets.rb:13:in `call'
actionpack (5.1.4) lib/action_dispatch/middleware/remote_ip.rb:79:in `call'
actionpack (5.1.4) lib/action_dispatch/middleware/request_id.rb:25:in `call'
rack (2.0.3) lib/rack/method_override.rb:22:in `call'
rack (2.0.3) lib/rack/runtime.rb:22:in `call'
activesupport (5.1.4) lib/active_support/cache/strategy/local_cache_middleware.rb:27:in `call'
actionpack (5.1.4) lib/action_dispatch/middleware/executor.rb:12:in `call'
actionpack (5.1.4) lib/action_dispatch/middleware/static.rb:125:in `call'
rack (2.0.3) lib/rack/sendfile.rb:111:in `call'
railties (5.1.4) lib/rails/engine.rb:522:in `call'
puma (3.11.0) lib/puma/configuration.rb:225:in `call'
puma (3.11.0) lib/puma/server.rb:624:in `handle_request'
puma (3.11.0) lib/puma/server.rb:438:in `process_client'
puma (3.11.0) lib/puma/server.rb:302:in `block in run'
puma (3.11.0) lib/puma/thread_pool.rb:120:in `call'
puma (3.11.0) lib/puma/thread_pool.rb:120:in `block in spawn_thread'
Started GET "/live_assets/hello" for 127.0.0.1 at 2017-12-28 19:26:14 -0600
Processing by LiveAssetsController#hello as HTML
Completed 500 Internal Server Error in 16053ms



ActionController::Live::ClientDisconnected (client disconnected):
  /Users/rockwellrice/.rbenv/versions/2.2.2/lib/ruby/gems/2.2.0/gems/actionpack-5.1.4/lib/action_controller/metal/live.rb:160:in `write'
  /Users/rockwellrice/.rbenv/versions/2.2.2/lib/ruby/gems/2.2.0/gems/actionpack-5.1.4/lib/action_controller/metal/live.rb:257:in `rescue in block (2 levels) in process'
  /Users/rockwellrice/.rbenv/versions/2.2.2/lib/ruby/gems/2.2.0/gems/actionpack-5.1.4/lib/action_controller/metal/live.rb:270:in `block (2 levels) in process'
  /Users/rockwellrice/.rbenv/versions/2.2.2/lib/ruby/gems/2.2.0/gems/activesupport-5.1.4/lib/active_support/dependencies/interlock.rb:40:in `block in running'
  /Users/rockwellrice/.rbenv/versions/2.2.2/lib/ruby/gems/2.2.0/gems/activesupport-5.1.4/lib/active_support/concurrency/share_lock.rb:160:in `sharing'
  /Users/rockwellrice/.rbenv/versions/2.2.2/lib/ruby/gems/2.2.0/gems/activesupport-5.1.4/lib/active_support/dependencies/interlock.rb:39:in `running'
  /Users/rockwellrice/.rbenv/versions/2.2.2/lib/ruby/gems/2.2.0/gems/actionpack-5.1.4/lib/action_controller/metal/live.rb:245:in `block in process'
  /Users/rockwellrice/.rbenv/versions/2.2.2/lib/ruby/gems/2.2.0/gems/actionpack-5.1.4/lib/action_controller/metal/live.rb:289:in `block in new_controller_thread'



ActionController::Live::ClientDisconnected (client disconnected):
  /Users/rockwellrice/.rbenv/versions/2.2.2/lib/ruby/gems/2.2.0/gems/actionpack-5.1.4/lib/action_controller/metal/live.rb:160:in `write'
  /Users/rockwellrice/Portfolio/Ruby/live_assets/app/controllers/live_assets_controller.rb:6:in `hello'
  /Users/rockwellrice/.rbenv/versions/2.2.2/lib/ruby/gems/2.2.0/gems/actionpack-5.1.4/lib/action_controller/metal/basic_implicit_render.rb:4:in `send_action'
  /Users/rockwellrice/.rbenv/versions/2.2.2/lib/ruby/gems/2.2.0/gems/actionpack-5.1.4/lib/abstract_controller/base.rb:186:in `process_action'
  /Users/rockwellrice/.rbenv/versions/2.2.2/lib/ruby/gems/2.2.0/gems/actionpack-5.1.4/lib/action_controller/metal/rendering.rb:30:in `process_action'
  /Users/rockwellrice/.rbenv/versions/2.2.2/lib/ruby/gems/2.2.0/gems/actionpack-5.1.4/lib/abstract_controller/callbacks.rb:20:in `block in process_action'
  /Users/rockwellrice/.rbenv/versions/2.2.2/lib/ruby/gems/2.2.0/gems/activesupport-5.1.4/lib/active_support/callbacks.rb:97:in `run_callbacks'
  /Users/rockwellrice/.rbenv/versions/2.2.2/lib/ruby/gems/2.2.0/gems/actionpack-5.1.4/lib/abstract_controller/callbacks.rb:19:in `process_action'
  /Users/rockwellrice/.rbenv/versions/2.2.2/lib/ruby/gems/2.2.0/gems/actionpack-5.1.4/lib/action_controller/metal/rescue.rb:20:in `process_action'
  /Users/rockwellrice/.rbenv/versions/2.2.2/lib/ruby/gems/2.2.0/gems/actionpack-5.1.4/lib/action_controller/metal/instrumentation.rb:32:in `block in process_action'
  /Users/rockwellrice/.rbenv/versions/2.2.2/lib/ruby/gems/2.2.0/gems/activesupport-5.1.4/lib/active_support/notifications.rb:166:in `block in instrument'
  /Users/rockwellrice/.rbenv/versions/2.2.2/lib/ruby/gems/2.2.0/gems/activesupport-5.1.4/lib/active_support/notifications/instrumenter.rb:21:in `instrument'
  /Users/rockwellrice/.rbenv/versions/2.2.2/lib/ruby/gems/2.2.0/gems/activesupport-5.1.4/lib/active_support/notifications.rb:166:in `instrument'
  /Users/rockwellrice/.rbenv/versions/2.2.2/lib/ruby/gems/2.2.0/gems/actionpack-5.1.4/lib/action_controller/metal/instrumentation.rb:30:in `process_action'
  /Users/rockwellrice/.rbenv/versions/2.2.2/lib/ruby/gems/2.2.0/gems/actionpack-5.1.4/lib/action_controller/metal/params_wrapper.rb:252:in `process_action'
  /Users/rockwellrice/.rbenv/versions/2.2.2/lib/ruby/gems/2.2.0/gems/activerecord-5.1.4/lib/active_record/railties/controller_runtime.rb:22:in `process_action'
  /Users/rockwellrice/.rbenv/versions/2.2.2/lib/ruby/gems/2.2.0/gems/actionpack-5.1.4/lib/abstract_controller/base.rb:124:in `process'
  /Users/rockwellrice/.rbenv/versions/2.2.2/lib/ruby/gems/2.2.0/gems/actionview-5.1.4/lib/action_view/rendering.rb:30:in `process'
  /Users/rockwellrice/.rbenv/versions/2.2.2/lib/ruby/gems/2.2.0/gems/actionpack-5.1.4/lib/action_controller/metal/live.rb:253:in `block (2 levels) in process'
  /Users/rockwellrice/.rbenv/versions/2.2.2/lib/ruby/gems/2.2.0/gems/activesupport-5.1.4/lib/active_support/dependencies/interlock.rb:40:in `block in running'
  /Users/rockwellrice/.rbenv/versions/2.2.2/lib/ruby/gems/2.2.0/gems/activesupport-5.1.4/lib/active_support/concurrency/share_lock.rb:160:in `sharing'
  /Users/rockwellrice/.rbenv/versions/2.2.2/lib/ruby/gems/2.2.0/gems/activesupport-5.1.4/lib/active_support/dependencies/interlock.rb:39:in `running'
  /Users/rockwellrice/.rbenv/versions/2.2.2/lib/ruby/gems/2.2.0/gems/actionpack-5.1.4/lib/action_controller/metal/live.rb:245:in `block in process'
  /Users/rockwellrice/.rbenv/versions/2.2.2/lib/ruby/gems/2.2.0/gems/actionpack-5.1.4/lib/action_controller/metal/live.rb:289:in `block in new_controller_thread'


DEPRECATION WARNING: Using a dynamic :action segment in a route is deprecated and will be removed in Rails 5.2. (called from block in <top (required)> at /Users/rockwellrice/Portfolio/Ruby/live_assets/config/routes.rb:2)
Started GET "/" for 127.0.0.1 at 2017-12-28 19:48:07 -0600
Processing by HomeController#index as HTML
Completed 500 Internal Server Error in 244ms


  
NoMethodError (undefined method `reder' for #<HomeController:0x007fc21071ac30>):
  
app/controllers/home_controller.rb:3:in `index'
Started GET "/" for 127.0.0.1 at 2017-12-28 19:48:46 -0600
DEPRECATION WARNING: Using a dynamic :action segment in a route is deprecated and will be removed in Rails 5.2. (called from block in <top (required)> at /Users/rockwellrice/Portfolio/Ruby/live_assets/config/routes.rb:2)
Processing by HomeController#index as HTML
Completed 500 Internal Server Error in 4ms


  
ActionView::MissingTemplate (Missing template home/index, application/index with {:locale=>[:en], :formats=>[:html], :variants=>[], :handlers=>[:raw, :erb, :html, :builder, :ruby]}. Searched in:
  * "/Users/rockwellrice/Portfolio/Ruby/live_assets/test/dummy/app/views"
  * "/Users/rockwellrice/Portfolio/Ruby/live_assets/app/views"
):
  
app/controllers/home_controller.rb:3:in `index'
Started GET "/" for 127.0.0.1 at 2017-12-28 19:49:50 -0600
Processing by HomeController#index as HTML
  Rendering home/index.html.erb within layouts/application
  Rendered home/index.html.erb within layouts/application (0.3ms)
Completed 200 OK in 185ms (Views: 184.8ms)


Started GET "/live_assets/sse" for 127.0.0.1 at 2017-12-28 19:49:50 -0600
Processing by LiveAssetsController#sse as text/event-stream
Started GET "/" for 127.0.0.1 at 2017-12-28 19:50:59 -0600
Completed 500 Internal Server Error in 96256ms



ActionController::Live::ClientDisconnected (client disconnected):
  /Users/rockwellrice/.rbenv/versions/2.2.2/lib/ruby/gems/2.2.0/gems/actionpack-5.1.4/lib/action_controller/metal/live.rb:160:in `write'
  /Users/rockwellrice/Portfolio/Ruby/live_assets/app/controllers/live_assets_controller.rb:20:in `sse'
  /Users/rockwellrice/.rbenv/versions/2.2.2/lib/ruby/gems/2.2.0/gems/actionpack-5.1.4/lib/action_controller/metal/basic_implicit_render.rb:4:in `send_action'
  /Users/rockwellrice/.rbenv/versions/2.2.2/lib/ruby/gems/2.2.0/gems/actionpack-5.1.4/lib/abstract_controller/base.rb:186:in `process_action'
  /Users/rockwellrice/.rbenv/versions/2.2.2/lib/ruby/gems/2.2.0/gems/actionpack-5.1.4/lib/action_controller/metal/rendering.rb:30:in `process_action'
  /Users/rockwellrice/.rbenv/versions/2.2.2/lib/ruby/gems/2.2.0/gems/actionpack-5.1.4/lib/abstract_controller/callbacks.rb:20:in `block in process_action'
  /Users/rockwellrice/.rbenv/versions/2.2.2/lib/ruby/gems/2.2.0/gems/activesupport-5.1.4/lib/active_support/callbacks.rb:97:in `run_callbacks'
  /Users/rockwellrice/.rbenv/versions/2.2.2/lib/ruby/gems/2.2.0/gems/actionpack-5.1.4/lib/abstract_controller/callbacks.rb:19:in `process_action'
  /Users/rockwellrice/.rbenv/versions/2.2.2/lib/ruby/gems/2.2.0/gems/actionpack-5.1.4/lib/action_controller/metal/rescue.rb:20:in `process_action'
  /Users/rockwellrice/.rbenv/versions/2.2.2/lib/ruby/gems/2.2.0/gems/actionpack-5.1.4/lib/action_controller/metal/instrumentation.rb:32:in `block in process_action'
  /Users/rockwellrice/.rbenv/versions/2.2.2/lib/ruby/gems/2.2.0/gems/activesupport-5.1.4/lib/active_support/notifications.rb:166:in `block in instrument'
  /Users/rockwellrice/.rbenv/versions/2.2.2/lib/ruby/gems/2.2.0/gems/activesupport-5.1.4/lib/active_support/notifications/instrumenter.rb:21:in `instrument'
  /Users/rockwellrice/.rbenv/versions/2.2.2/lib/ruby/gems/2.2.0/gems/activesupport-5.1.4/lib/active_support/notifications.rb:166:in `instrument'
  /Users/rockwellrice/.rbenv/versions/2.2.2/lib/ruby/gems/2.2.0/gems/actionpack-5.1.4/lib/action_controller/metal/instrumentation.rb:30:in `process_action'
  /Users/rockwellrice/.rbenv/versions/2.2.2/lib/ruby/gems/2.2.0/gems/actionpack-5.1.4/lib/action_controller/metal/params_wrapper.rb:252:in `process_action'
  /Users/rockwellrice/.rbenv/versions/2.2.2/lib/ruby/gems/2.2.0/gems/activerecord-5.1.4/lib/active_record/railties/controller_runtime.rb:22:in `process_action'
  /Users/rockwellrice/.rbenv/versions/2.2.2/lib/ruby/gems/2.2.0/gems/actionpack-5.1.4/lib/abstract_controller/base.rb:124:in `process'
  /Users/rockwellrice/.rbenv/versions/2.2.2/lib/ruby/gems/2.2.0/gems/actionview-5.1.4/lib/action_view/rendering.rb:30:in `process'
  /Users/rockwellrice/.rbenv/versions/2.2.2/lib/ruby/gems/2.2.0/gems/actionpack-5.1.4/lib/action_controller/metal/live.rb:253:in `block (2 levels) in process'
  /Users/rockwellrice/.rbenv/versions/2.2.2/lib/ruby/gems/2.2.0/gems/activesupport-5.1.4/lib/active_support/dependencies/interlock.rb:40:in `block in running'
  /Users/rockwellrice/.rbenv/versions/2.2.2/lib/ruby/gems/2.2.0/gems/activesupport-5.1.4/lib/active_support/concurrency/share_lock.rb:160:in `sharing'
  /Users/rockwellrice/.rbenv/versions/2.2.2/lib/ruby/gems/2.2.0/gems/activesupport-5.1.4/lib/active_support/dependencies/interlock.rb:39:in `running'
  /Users/rockwellrice/.rbenv/versions/2.2.2/lib/ruby/gems/2.2.0/gems/actionpack-5.1.4/lib/action_controller/metal/live.rb:245:in `block in process'
  /Users/rockwellrice/.rbenv/versions/2.2.2/lib/ruby/gems/2.2.0/gems/actionpack-5.1.4/lib/action_controller/metal/live.rb:289:in `block in new_controller_thread'


DEPRECATION WARNING: Using a dynamic :action segment in a route is deprecated and will be removed in Rails 5.2. (called from block in <top (required)> at /Users/rockwellrice/Portfolio/Ruby/live_assets/config/routes.rb:2)
Processing by HomeController#index as HTML
  Rendering home/index.html.erb within layouts/application
  Rendered home/index.html.erb within layouts/application (0.3ms)
Completed 200 OK in 12ms (Views: 11.8ms)


DEPRECATION WARNING: You didn't set config.secret_key_base. Read the upgrade documentation to learn more about this new config option. (called from env_config at /Users/rockwellrice/.rbenv/versions/2.2.2/lib/ruby/gems/2.2.0/gems/railties-4.0.13/lib/rails/application.rb:141)
DEPRECATION WARNING: You didn't set config.secret_key_base. Read the upgrade documentation to learn more about this new config option. (called from env_config at /Users/rockwellrice/.rbenv/versions/2.2.2/lib/ruby/gems/2.2.0/gems/railties-4.0.13/lib/rails/application.rb:141)
DEPRECATION WARNING: You didn't set config.secret_key_base. Read the upgrade documentation to learn more about this new config option. (called from env_config at /Users/rockwellrice/.rbenv/versions/2.2.2/lib/ruby/gems/2.2.0/gems/railties-4.0.13/lib/rails/application.rb:141)
DEPRECATION WARNING: You didn't set config.secret_key_base. Read the upgrade documentation to learn more about this new config option. (called from env_config at /Users/rockwellrice/.rbenv/versions/2.2.2/lib/ruby/gems/2.2.0/gems/railties-4.0.13/lib/rails/application.rb:141)


Started GET "/" for 127.0.0.1 at 2017-12-28 19:58:40 -0600
Processing by HomeController#index as HTML
  Rendered text template within layouts/application (0.0ms)
Completed 500 Internal Server Error in 167ms

ActionView::Template::Error (couldn't find file 'action_cable' with type 'application/javascript'
Checked in these paths: 
  /Users/rockwellrice/Portfolio/Ruby/live_assets/test/dummy/app/assets/config
  /Users/rockwellrice/Portfolio/Ruby/live_assets/test/dummy/app/assets/images
  /Users/rockwellrice/Portfolio/Ruby/live_assets/test/dummy/app/assets/javascripts
  /Users/rockwellrice/Portfolio/Ruby/live_assets/test/dummy/app/assets/stylesheets
  /Users/rockwellrice/Portfolio/Ruby/live_assets/app/assets/config
  /Users/rockwellrice/Portfolio/Ruby/live_assets/app/assets/images
  /Users/rockwellrice/Portfolio/Ruby/live_assets/app/assets/javascripts
  /Users/rockwellrice/Portfolio/Ruby/live_assets/app/assets/stylesheets
  /Users/rockwellrice/Portfolio/Ruby/live_assets/test/dummy/node_modules):
     5:     <%= csrf_meta_tags %>
     6: 
     7:     <%= stylesheet_link_tag    'application', media: 'all' %>
     8:     <%= javascript_include_tag 'application' %>
     9: 
    10:     <%= live_assets if Rails.env.development? %>
    11:   </head>
  app/assets/javascripts/cable.js:4
  app/views/layouts/application.html.erb:8:in `_app_views_layouts_application_html_erb___2881485537367059293_70246187379640'
  app/controllers/home_controller.rb:3:in `index'


  Rendered /Users/rockwellrice/.rbenv/versions/2.2.2/lib/ruby/gems/2.2.0/gems/actionpack-4.0.13/lib/action_dispatch/middleware/templates/rescues/_trace.erb (17.1ms)
  Rendered /Users/rockwellrice/.rbenv/versions/2.2.2/lib/ruby/gems/2.2.0/gems/actionpack-4.0.13/lib/action_dispatch/middleware/templates/rescues/_request_and_response.erb (0.8ms)
  Rendered /Users/rockwellrice/.rbenv/versions/2.2.2/lib/ruby/gems/2.2.0/gems/actionpack-4.0.13/lib/action_dispatch/middleware/templates/rescues/template_error.erb within rescues/layout (49.6ms)


Started GET "/" for 127.0.0.1 at 2017-12-28 19:59:15 -0600
Processing by HomeController#index as HTML
  Rendered text template within layouts/application (0.1ms)
Completed 200 OK in 22ms (Views: 21.8ms | ActiveRecord: 0.0ms)


Started GET "/assets/live_assets/application.self.js?body=1" for 127.0.0.1 at 2017-12-28 19:59:15 -0600



Started GET "/assets/application.self.js?body=1" for 127.0.0.1 at 2017-12-28 19:59:15 -0600

Started GET "/assets/application.self.css?body=1" for 127.0.0.1 at 2017-12-28 19:59:15 -0600


Started GET "/live_assets/sse" for 127.0.0.1 at 2017-12-28 19:59:15 -0600
Processing by LiveAssetsController#sse as text/event-stream


Started GET "/assets/application.self.css?body=1" for 127.0.0.1 at 2017-12-28 19:59:15 -0600


Started GET "/assets/application.self.css?body=1" for 127.0.0.1 at 2017-12-28 19:59:16 -0600


Started GET "/assets/application.self.css?body=1" for 127.0.0.1 at 2017-12-28 19:59:17 -0600


Started GET "/assets/application.self.css?body=1" for 127.0.0.1 at 2017-12-28 19:59:18 -0600


Started GET "/assets/application.self.css?body=1" for 127.0.0.1 at 2017-12-28 19:59:19 -0600


Started GET "/assets/application.self.css?body=1" for 127.0.0.1 at 2017-12-28 19:59:20 -0600


Started GET "/assets/application.self.css?body=1" for 127.0.0.1 at 2017-12-28 19:59:21 -0600


Started GET "/assets/application.self.css?body=1" for 127.0.0.1 at 2017-12-28 19:59:22 -0600


Started GET "/assets/application.self.css?body=1" for 127.0.0.1 at 2017-12-28 19:59:23 -0600


Started GET "/assets/application.self.css?body=1" for 127.0.0.1 at 2017-12-28 19:59:24 -0600


Started GET "/assets/application.self.css?body=1" for 127.0.0.1 at 2017-12-28 19:59:25 -0600


Started GET "/assets/application.self.css?body=1" for 127.0.0.1 at 2017-12-28 19:59:26 -0600


Started GET "/assets/application.self.css?body=1" for 127.0.0.1 at 2017-12-28 19:59:27 -0600


Started GET "/live_assets/sse" for 127.0.0.1 at 2017-12-28 19:59:27 -0600
Processing by LiveAssetsController#sse as HTML
Completed 200 OK in 15054ms (ActiveRecord: 0.0ms)
Completed 200 OK in 8024ms (ActiveRecord: 0.0ms)
